ARM GAS  C:\Users\ELANUR~1\AppData\Local\Temp\ccDFoSbJ.s 			page 1


   1              		.cpu cortex-m3
   2              		.arch armv7-m
   3              		.fpu softvfp
   4              		.eabi_attribute 20, 1
   5              		.eabi_attribute 21, 1
   6              		.eabi_attribute 23, 3
   7              		.eabi_attribute 24, 1
   8              		.eabi_attribute 25, 1
   9              		.eabi_attribute 26, 1
  10              		.eabi_attribute 30, 1
  11              		.eabi_attribute 34, 1
  12              		.eabi_attribute 18, 4
  13              		.file	"main.c"
  14              		.text
  15              	.Ltext0:
  16              		.cfi_sections	.debug_frame
  17              		.file 1 "Src/main.c"
  18              		.section	.text.MX_GPIO_Init,"ax",%progbits
  19              		.align	1
  20              		.syntax unified
  21              		.thumb
  22              		.thumb_func
  24              	MX_GPIO_Init:
  25              	.LFB67:
   1:Src/main.c    **** /* USER CODE BEGIN Header */
   2:Src/main.c    **** /**
   3:Src/main.c    ****   ******************************************************************************
   4:Src/main.c    ****   * @file           : main.c
   5:Src/main.c    ****   * @brief          : Main program body
   6:Src/main.c    ****   ******************************************************************************
   7:Src/main.c    ****   * @attention
   8:Src/main.c    ****   *
   9:Src/main.c    ****   * Copyright (c) 2026 STMicroelectronics.
  10:Src/main.c    ****   * All rights reserved.
  11:Src/main.c    ****   *
  12:Src/main.c    ****   * This software is licensed under terms that can be found in the LICENSE file
  13:Src/main.c    ****   * in the root directory of this software component.
  14:Src/main.c    ****   * If no LICENSE file comes with this software, it is provided AS-IS.
  15:Src/main.c    ****   *
  16:Src/main.c    ****   ******************************************************************************
  17:Src/main.c    ****   */
  18:Src/main.c    **** /* USER CODE END Header */
  19:Src/main.c    **** /* Includes ------------------------------------------------------------------*/
  20:Src/main.c    **** #include "main.h"
  21:Src/main.c    **** 
  22:Src/main.c    **** /* Private includes ----------------------------------------------------------*/
  23:Src/main.c    **** /* USER CODE BEGIN Includes */
  24:Src/main.c    **** 
  25:Src/main.c    **** /* USER CODE END Includes */
  26:Src/main.c    **** 
  27:Src/main.c    **** /* Private typedef -----------------------------------------------------------*/
  28:Src/main.c    **** /* USER CODE BEGIN PTD */
  29:Src/main.c    **** 
  30:Src/main.c    **** /* USER CODE END PTD */
  31:Src/main.c    **** 
  32:Src/main.c    **** /* Private define ------------------------------------------------------------*/
  33:Src/main.c    **** /* USER CODE BEGIN PD */
ARM GAS  C:\Users\ELANUR~1\AppData\Local\Temp\ccDFoSbJ.s 			page 2


  34:Src/main.c    **** 
  35:Src/main.c    **** /* USER CODE END PD */
  36:Src/main.c    **** 
  37:Src/main.c    **** /* Private macro -------------------------------------------------------------*/
  38:Src/main.c    **** /* USER CODE BEGIN PM */
  39:Src/main.c    **** 
  40:Src/main.c    **** /* USER CODE END PM */
  41:Src/main.c    **** 
  42:Src/main.c    **** /* Private variables ---------------------------------------------------------*/
  43:Src/main.c    **** 
  44:Src/main.c    **** /* USER CODE BEGIN PV */
  45:Src/main.c    **** 
  46:Src/main.c    **** /* USER CODE END PV */
  47:Src/main.c    **** 
  48:Src/main.c    **** /* Private function prototypes -----------------------------------------------*/
  49:Src/main.c    **** void SystemClock_Config(void);
  50:Src/main.c    **** static void MX_GPIO_Init(void);
  51:Src/main.c    **** /* USER CODE BEGIN PFP */
  52:Src/main.c    **** 
  53:Src/main.c    **** /* USER CODE END PFP */
  54:Src/main.c    **** 
  55:Src/main.c    **** /* Private user code ---------------------------------------------------------*/
  56:Src/main.c    **** /* USER CODE BEGIN 0 */
  57:Src/main.c    **** 
  58:Src/main.c    **** /* USER CODE END 0 */
  59:Src/main.c    **** 
  60:Src/main.c    **** /**
  61:Src/main.c    ****   * @brief  The application entry point.
  62:Src/main.c    ****   * @retval int
  63:Src/main.c    ****   */
  64:Src/main.c    **** int main(void)
  65:Src/main.c    **** {
  66:Src/main.c    **** 
  67:Src/main.c    ****   /* USER CODE BEGIN 1 */
  68:Src/main.c    **** 
  69:Src/main.c    ****   /* USER CODE END 1 */
  70:Src/main.c    **** 
  71:Src/main.c    ****   /* MCU Configuration--------------------------------------------------------*/
  72:Src/main.c    **** 
  73:Src/main.c    ****   /* Reset of all peripherals, Initializes the Flash interface and the Systick. */
  74:Src/main.c    ****   HAL_Init();
  75:Src/main.c    **** 
  76:Src/main.c    ****   /* USER CODE BEGIN Init */
  77:Src/main.c    **** 
  78:Src/main.c    ****   /* USER CODE END Init */
  79:Src/main.c    **** 
  80:Src/main.c    ****   /* Configure the system clock */
  81:Src/main.c    ****   SystemClock_Config();
  82:Src/main.c    **** 
  83:Src/main.c    ****   /* USER CODE BEGIN SysInit */
  84:Src/main.c    **** 
  85:Src/main.c    ****   /* USER CODE END SysInit */
  86:Src/main.c    **** 
  87:Src/main.c    ****   /* Initialize all configured peripherals */
  88:Src/main.c    ****   MX_GPIO_Init();
  89:Src/main.c    ****   /* USER CODE BEGIN 2 */
  90:Src/main.c    **** 
ARM GAS  C:\Users\ELANUR~1\AppData\Local\Temp\ccDFoSbJ.s 			page 3


  91:Src/main.c    ****   /* USER CODE END 2 */
  92:Src/main.c    **** 
  93:Src/main.c    ****   /* Infinite loop */
  94:Src/main.c    ****   /* USER CODE BEGIN WHILE */
  95:Src/main.c    ****   while (1)
  96:Src/main.c    ****   {
  97:Src/main.c    ****     HAL_GPIO_TogglePin(GPIOC, GPIO_PIN_13); // PC13 pininin durumunu tersine çevir (yanıyorsa sö
  98:Src/main.c    ****     HAL_Delay(500);
  99:Src/main.c    ****     /* USER CODE END WHILE */
 100:Src/main.c    **** 
 101:Src/main.c    ****     /* USER CODE BEGIN 3 */
 102:Src/main.c    ****   }
 103:Src/main.c    ****   /* USER CODE END 3 */
 104:Src/main.c    **** }
 105:Src/main.c    **** 
 106:Src/main.c    **** /**
 107:Src/main.c    ****   * @brief System Clock Configuration
 108:Src/main.c    ****   * @retval None
 109:Src/main.c    ****   */
 110:Src/main.c    **** void SystemClock_Config(void)
 111:Src/main.c    **** {
 112:Src/main.c    ****   RCC_OscInitTypeDef RCC_OscInitStruct = {0};
 113:Src/main.c    ****   RCC_ClkInitTypeDef RCC_ClkInitStruct = {0};
 114:Src/main.c    **** 
 115:Src/main.c    ****   /** Initializes the RCC Oscillators according to the specified parameters
 116:Src/main.c    ****   * in the RCC_OscInitTypeDef structure.
 117:Src/main.c    ****   */
 118:Src/main.c    ****   RCC_OscInitStruct.OscillatorType = RCC_OSCILLATORTYPE_HSI;
 119:Src/main.c    ****   RCC_OscInitStruct.HSIState = RCC_HSI_ON;
 120:Src/main.c    ****   RCC_OscInitStruct.HSICalibrationValue = RCC_HSICALIBRATION_DEFAULT;
 121:Src/main.c    ****   RCC_OscInitStruct.PLL.PLLState = RCC_PLL_NONE;
 122:Src/main.c    ****   if (HAL_RCC_OscConfig(&RCC_OscInitStruct) != HAL_OK)
 123:Src/main.c    ****   {
 124:Src/main.c    ****     Error_Handler();
 125:Src/main.c    ****   }
 126:Src/main.c    **** 
 127:Src/main.c    ****   /** Initializes the CPU, AHB and APB buses clocks
 128:Src/main.c    ****   */
 129:Src/main.c    ****   RCC_ClkInitStruct.ClockType = RCC_CLOCKTYPE_HCLK|RCC_CLOCKTYPE_SYSCLK
 130:Src/main.c    ****                               |RCC_CLOCKTYPE_PCLK1|RCC_CLOCKTYPE_PCLK2;
 131:Src/main.c    ****   RCC_ClkInitStruct.SYSCLKSource = RCC_SYSCLKSOURCE_HSI;
 132:Src/main.c    ****   RCC_ClkInitStruct.AHBCLKDivider = RCC_SYSCLK_DIV1;
 133:Src/main.c    ****   RCC_ClkInitStruct.APB1CLKDivider = RCC_HCLK_DIV1;
 134:Src/main.c    ****   RCC_ClkInitStruct.APB2CLKDivider = RCC_HCLK_DIV1;
 135:Src/main.c    **** 
 136:Src/main.c    ****   if (HAL_RCC_ClockConfig(&RCC_ClkInitStruct, FLASH_LATENCY_0) != HAL_OK)
 137:Src/main.c    ****   {
 138:Src/main.c    ****     Error_Handler();
 139:Src/main.c    ****   }
 140:Src/main.c    **** }
 141:Src/main.c    **** 
 142:Src/main.c    **** /**
 143:Src/main.c    ****   * @brief GPIO Initialization Function
 144:Src/main.c    ****   * @param None
 145:Src/main.c    ****   * @retval None
 146:Src/main.c    ****   */
 147:Src/main.c    **** static void MX_GPIO_Init(void)
ARM GAS  C:\Users\ELANUR~1\AppData\Local\Temp\ccDFoSbJ.s 			page 4


 148:Src/main.c    **** {
  26              		.loc 1 148 1 view -0
  27              		.cfi_startproc
  28              		@ args = 0, pretend = 0, frame = 32
  29              		@ frame_needed = 0, uses_anonymous_args = 0
  30 0000 70B5     		push	{r4, r5, r6, lr}
  31              	.LCFI0:
  32              		.cfi_def_cfa_offset 16
  33              		.cfi_offset 4, -16
  34              		.cfi_offset 5, -12
  35              		.cfi_offset 6, -8
  36              		.cfi_offset 14, -4
  37 0002 88B0     		sub	sp, sp, #32
  38              	.LCFI1:
  39              		.cfi_def_cfa_offset 48
 149:Src/main.c    ****   GPIO_InitTypeDef GPIO_InitStruct = {0};
  40              		.loc 1 149 3 view .LVU1
  41              		.loc 1 149 20 is_stmt 0 view .LVU2
  42 0004 04AD     		add	r5, sp, #16
  43 0006 0024     		movs	r4, #0
  44 0008 0494     		str	r4, [sp, #16]
  45 000a 0594     		str	r4, [sp, #20]
  46 000c 0694     		str	r4, [sp, #24]
  47 000e 0794     		str	r4, [sp, #28]
 150:Src/main.c    ****   /* USER CODE BEGIN MX_GPIO_Init_1 */
 151:Src/main.c    **** 
 152:Src/main.c    ****   /* USER CODE END MX_GPIO_Init_1 */
 153:Src/main.c    **** 
 154:Src/main.c    ****   /* GPIO Ports Clock Enable */
 155:Src/main.c    ****   __HAL_RCC_GPIOC_CLK_ENABLE();
  48              		.loc 1 155 3 is_stmt 1 view .LVU3
  49              	.LBB4:
  50              		.loc 1 155 3 view .LVU4
  51              		.loc 1 155 3 view .LVU5
  52 0010 184B     		ldr	r3, .L3
  53 0012 9A69     		ldr	r2, [r3, #24]
  54 0014 42F01002 		orr	r2, r2, #16
  55 0018 9A61     		str	r2, [r3, #24]
  56              		.loc 1 155 3 view .LVU6
  57 001a 9A69     		ldr	r2, [r3, #24]
  58 001c 02F01002 		and	r2, r2, #16
  59 0020 0192     		str	r2, [sp, #4]
  60              		.loc 1 155 3 view .LVU7
  61 0022 019A     		ldr	r2, [sp, #4]
  62              	.LBE4:
  63              		.loc 1 155 3 view .LVU8
 156:Src/main.c    ****   __HAL_RCC_GPIOD_CLK_ENABLE();
  64              		.loc 1 156 3 view .LVU9
  65              	.LBB5:
  66              		.loc 1 156 3 view .LVU10
  67              		.loc 1 156 3 view .LVU11
  68 0024 9A69     		ldr	r2, [r3, #24]
  69 0026 42F02002 		orr	r2, r2, #32
  70 002a 9A61     		str	r2, [r3, #24]
  71              		.loc 1 156 3 view .LVU12
  72 002c 9A69     		ldr	r2, [r3, #24]
  73 002e 02F02002 		and	r2, r2, #32
ARM GAS  C:\Users\ELANUR~1\AppData\Local\Temp\ccDFoSbJ.s 			page 5


  74 0032 0292     		str	r2, [sp, #8]
  75              		.loc 1 156 3 view .LVU13
  76 0034 029A     		ldr	r2, [sp, #8]
  77              	.LBE5:
  78              		.loc 1 156 3 view .LVU14
 157:Src/main.c    ****   __HAL_RCC_GPIOA_CLK_ENABLE();
  79              		.loc 1 157 3 view .LVU15
  80              	.LBB6:
  81              		.loc 1 157 3 view .LVU16
  82              		.loc 1 157 3 view .LVU17
  83 0036 9A69     		ldr	r2, [r3, #24]
  84 0038 42F00402 		orr	r2, r2, #4
  85 003c 9A61     		str	r2, [r3, #24]
  86              		.loc 1 157 3 view .LVU18
  87 003e 9B69     		ldr	r3, [r3, #24]
  88 0040 03F00403 		and	r3, r3, #4
  89 0044 0393     		str	r3, [sp, #12]
  90              		.loc 1 157 3 view .LVU19
  91 0046 039B     		ldr	r3, [sp, #12]
  92              	.LBE6:
  93              		.loc 1 157 3 view .LVU20
 158:Src/main.c    **** 
 159:Src/main.c    ****   /*Configure GPIO pin Output Level */
 160:Src/main.c    ****   HAL_GPIO_WritePin(GPIOC, GPIO_PIN_13, GPIO_PIN_RESET);
  94              		.loc 1 160 3 view .LVU21
  95 0048 0B4E     		ldr	r6, .L3+4
  96 004a 2246     		mov	r2, r4
  97 004c 4FF40051 		mov	r1, #8192
  98 0050 3046     		mov	r0, r6
  99 0052 FFF7FEFF 		bl	HAL_GPIO_WritePin
 100              	.LVL0:
 161:Src/main.c    **** 
 162:Src/main.c    ****   /*Configure GPIO pin : PC13 */
 163:Src/main.c    ****   GPIO_InitStruct.Pin = GPIO_PIN_13;
 101              		.loc 1 163 3 view .LVU22
 102              		.loc 1 163 23 is_stmt 0 view .LVU23
 103 0056 4FF40053 		mov	r3, #8192
 104 005a 0493     		str	r3, [sp, #16]
 164:Src/main.c    ****   GPIO_InitStruct.Mode = GPIO_MODE_OUTPUT_PP;
 105              		.loc 1 164 3 is_stmt 1 view .LVU24
 106              		.loc 1 164 24 is_stmt 0 view .LVU25
 107 005c 0123     		movs	r3, #1
 108 005e 0593     		str	r3, [sp, #20]
 165:Src/main.c    ****   GPIO_InitStruct.Pull = GPIO_NOPULL;
 109              		.loc 1 165 3 is_stmt 1 view .LVU26
 110              		.loc 1 165 24 is_stmt 0 view .LVU27
 111 0060 0694     		str	r4, [sp, #24]
 166:Src/main.c    ****   GPIO_InitStruct.Speed = GPIO_SPEED_FREQ_LOW;
 112              		.loc 1 166 3 is_stmt 1 view .LVU28
 113              		.loc 1 166 25 is_stmt 0 view .LVU29
 114 0062 0223     		movs	r3, #2
 115 0064 0793     		str	r3, [sp, #28]
 167:Src/main.c    ****   HAL_GPIO_Init(GPIOC, &GPIO_InitStruct);
 116              		.loc 1 167 3 is_stmt 1 view .LVU30
 117 0066 2946     		mov	r1, r5
 118 0068 3046     		mov	r0, r6
 119 006a FFF7FEFF 		bl	HAL_GPIO_Init
ARM GAS  C:\Users\ELANUR~1\AppData\Local\Temp\ccDFoSbJ.s 			page 6


 120              	.LVL1:
 168:Src/main.c    **** 
 169:Src/main.c    ****   /* USER CODE BEGIN MX_GPIO_Init_2 */
 170:Src/main.c    **** 
 171:Src/main.c    ****   /* USER CODE END MX_GPIO_Init_2 */
 172:Src/main.c    **** }
 121              		.loc 1 172 1 is_stmt 0 view .LVU31
 122 006e 08B0     		add	sp, sp, #32
 123              	.LCFI2:
 124              		.cfi_def_cfa_offset 16
 125              		@ sp needed
 126 0070 70BD     		pop	{r4, r5, r6, pc}
 127              	.L4:
 128 0072 00BF     		.align	2
 129              	.L3:
 130 0074 00100240 		.word	1073876992
 131 0078 00100140 		.word	1073811456
 132              		.cfi_endproc
 133              	.LFE67:
 135              		.section	.text.Error_Handler,"ax",%progbits
 136              		.align	1
 137              		.global	Error_Handler
 138              		.syntax unified
 139              		.thumb
 140              		.thumb_func
 142              	Error_Handler:
 143              	.LFB68:
 173:Src/main.c    **** 
 174:Src/main.c    **** /* USER CODE BEGIN 4 */
 175:Src/main.c    **** 
 176:Src/main.c    **** /* USER CODE END 4 */
 177:Src/main.c    **** 
 178:Src/main.c    **** /**
 179:Src/main.c    ****   * @brief  This function is executed in case of error occurrence.
 180:Src/main.c    ****   * @retval None
 181:Src/main.c    ****   */
 182:Src/main.c    **** void Error_Handler(void)
 183:Src/main.c    **** {
 144              		.loc 1 183 1 is_stmt 1 view -0
 145              		.cfi_startproc
 146              		@ Volatile: function does not return.
 147              		@ args = 0, pretend = 0, frame = 0
 148              		@ frame_needed = 0, uses_anonymous_args = 0
 149              		@ link register save eliminated.
 184:Src/main.c    ****   /* USER CODE BEGIN Error_Handler_Debug */
 185:Src/main.c    ****   /* User can add his own implementation to report the HAL error return state */
 186:Src/main.c    ****   __disable_irq();
 150              		.loc 1 186 3 view .LVU33
 151              	.LBB7:
 152              	.LBI7:
 153              		.file 2 "Drivers/CMSIS/Include/cmsis_gcc.h"
   1:Drivers/CMSIS/Include/cmsis_gcc.h **** /**************************************************************************//**
   2:Drivers/CMSIS/Include/cmsis_gcc.h ****  * @file     cmsis_gcc.h
   3:Drivers/CMSIS/Include/cmsis_gcc.h ****  * @brief    CMSIS compiler GCC header file
   4:Drivers/CMSIS/Include/cmsis_gcc.h ****  * @version  V5.0.4
   5:Drivers/CMSIS/Include/cmsis_gcc.h ****  * @date     09. April 2018
   6:Drivers/CMSIS/Include/cmsis_gcc.h ****  ******************************************************************************/
ARM GAS  C:\Users\ELANUR~1\AppData\Local\Temp\ccDFoSbJ.s 			page 7


   7:Drivers/CMSIS/Include/cmsis_gcc.h **** /*
   8:Drivers/CMSIS/Include/cmsis_gcc.h ****  * Copyright (c) 2009-2018 Arm Limited. All rights reserved.
   9:Drivers/CMSIS/Include/cmsis_gcc.h ****  *
  10:Drivers/CMSIS/Include/cmsis_gcc.h ****  * SPDX-License-Identifier: Apache-2.0
  11:Drivers/CMSIS/Include/cmsis_gcc.h ****  *
  12:Drivers/CMSIS/Include/cmsis_gcc.h ****  * Licensed under the Apache License, Version 2.0 (the License); you may
  13:Drivers/CMSIS/Include/cmsis_gcc.h ****  * not use this file except in compliance with the License.
  14:Drivers/CMSIS/Include/cmsis_gcc.h ****  * You may obtain a copy of the License at
  15:Drivers/CMSIS/Include/cmsis_gcc.h ****  *
  16:Drivers/CMSIS/Include/cmsis_gcc.h ****  * www.apache.org/licenses/LICENSE-2.0
  17:Drivers/CMSIS/Include/cmsis_gcc.h ****  *
  18:Drivers/CMSIS/Include/cmsis_gcc.h ****  * Unless required by applicable law or agreed to in writing, software
  19:Drivers/CMSIS/Include/cmsis_gcc.h ****  * distributed under the License is distributed on an AS IS BASIS, WITHOUT
  20:Drivers/CMSIS/Include/cmsis_gcc.h ****  * WARRANTIES OR CONDITIONS OF ANY KIND, either express or implied.
  21:Drivers/CMSIS/Include/cmsis_gcc.h ****  * See the License for the specific language governing permissions and
  22:Drivers/CMSIS/Include/cmsis_gcc.h ****  * limitations under the License.
  23:Drivers/CMSIS/Include/cmsis_gcc.h ****  */
  24:Drivers/CMSIS/Include/cmsis_gcc.h **** 
  25:Drivers/CMSIS/Include/cmsis_gcc.h **** #ifndef __CMSIS_GCC_H
  26:Drivers/CMSIS/Include/cmsis_gcc.h **** #define __CMSIS_GCC_H
  27:Drivers/CMSIS/Include/cmsis_gcc.h **** 
  28:Drivers/CMSIS/Include/cmsis_gcc.h **** /* ignore some GCC warnings */
  29:Drivers/CMSIS/Include/cmsis_gcc.h **** #pragma GCC diagnostic push
  30:Drivers/CMSIS/Include/cmsis_gcc.h **** #pragma GCC diagnostic ignored "-Wsign-conversion"
  31:Drivers/CMSIS/Include/cmsis_gcc.h **** #pragma GCC diagnostic ignored "-Wconversion"
  32:Drivers/CMSIS/Include/cmsis_gcc.h **** #pragma GCC diagnostic ignored "-Wunused-parameter"
  33:Drivers/CMSIS/Include/cmsis_gcc.h **** 
  34:Drivers/CMSIS/Include/cmsis_gcc.h **** /* Fallback for __has_builtin */
  35:Drivers/CMSIS/Include/cmsis_gcc.h **** #ifndef __has_builtin
  36:Drivers/CMSIS/Include/cmsis_gcc.h ****   #define __has_builtin(x) (0)
  37:Drivers/CMSIS/Include/cmsis_gcc.h **** #endif
  38:Drivers/CMSIS/Include/cmsis_gcc.h **** 
  39:Drivers/CMSIS/Include/cmsis_gcc.h **** /* CMSIS compiler specific defines */
  40:Drivers/CMSIS/Include/cmsis_gcc.h **** #ifndef   __ASM
  41:Drivers/CMSIS/Include/cmsis_gcc.h ****   #define __ASM                                  __asm
  42:Drivers/CMSIS/Include/cmsis_gcc.h **** #endif
  43:Drivers/CMSIS/Include/cmsis_gcc.h **** #ifndef   __INLINE
  44:Drivers/CMSIS/Include/cmsis_gcc.h ****   #define __INLINE                               inline
  45:Drivers/CMSIS/Include/cmsis_gcc.h **** #endif
  46:Drivers/CMSIS/Include/cmsis_gcc.h **** #ifndef   __STATIC_INLINE
  47:Drivers/CMSIS/Include/cmsis_gcc.h ****   #define __STATIC_INLINE                        static inline
  48:Drivers/CMSIS/Include/cmsis_gcc.h **** #endif
  49:Drivers/CMSIS/Include/cmsis_gcc.h **** #ifndef   __STATIC_FORCEINLINE                 
  50:Drivers/CMSIS/Include/cmsis_gcc.h ****   #define __STATIC_FORCEINLINE                   __attribute__((always_inline)) static inline
  51:Drivers/CMSIS/Include/cmsis_gcc.h **** #endif                                           
  52:Drivers/CMSIS/Include/cmsis_gcc.h **** #ifndef   __NO_RETURN
  53:Drivers/CMSIS/Include/cmsis_gcc.h ****   #define __NO_RETURN                            __attribute__((__noreturn__))
  54:Drivers/CMSIS/Include/cmsis_gcc.h **** #endif
  55:Drivers/CMSIS/Include/cmsis_gcc.h **** #ifndef   __USED
  56:Drivers/CMSIS/Include/cmsis_gcc.h ****   #define __USED                                 __attribute__((used))
  57:Drivers/CMSIS/Include/cmsis_gcc.h **** #endif
  58:Drivers/CMSIS/Include/cmsis_gcc.h **** #ifndef   __WEAK
  59:Drivers/CMSIS/Include/cmsis_gcc.h ****   #define __WEAK                                 __attribute__((weak))
  60:Drivers/CMSIS/Include/cmsis_gcc.h **** #endif
  61:Drivers/CMSIS/Include/cmsis_gcc.h **** #ifndef   __PACKED
  62:Drivers/CMSIS/Include/cmsis_gcc.h ****   #define __PACKED                               __attribute__((packed, aligned(1)))
  63:Drivers/CMSIS/Include/cmsis_gcc.h **** #endif
ARM GAS  C:\Users\ELANUR~1\AppData\Local\Temp\ccDFoSbJ.s 			page 8


  64:Drivers/CMSIS/Include/cmsis_gcc.h **** #ifndef   __PACKED_STRUCT
  65:Drivers/CMSIS/Include/cmsis_gcc.h ****   #define __PACKED_STRUCT                        struct __attribute__((packed, aligned(1)))
  66:Drivers/CMSIS/Include/cmsis_gcc.h **** #endif
  67:Drivers/CMSIS/Include/cmsis_gcc.h **** #ifndef   __PACKED_UNION
  68:Drivers/CMSIS/Include/cmsis_gcc.h ****   #define __PACKED_UNION                         union __attribute__((packed, aligned(1)))
  69:Drivers/CMSIS/Include/cmsis_gcc.h **** #endif
  70:Drivers/CMSIS/Include/cmsis_gcc.h **** #ifndef   __UNALIGNED_UINT32        /* deprecated */
  71:Drivers/CMSIS/Include/cmsis_gcc.h ****   #pragma GCC diagnostic push
  72:Drivers/CMSIS/Include/cmsis_gcc.h ****   #pragma GCC diagnostic ignored "-Wpacked"
  73:Drivers/CMSIS/Include/cmsis_gcc.h ****   #pragma GCC diagnostic ignored "-Wattributes"
  74:Drivers/CMSIS/Include/cmsis_gcc.h ****   struct __attribute__((packed)) T_UINT32 { uint32_t v; };
  75:Drivers/CMSIS/Include/cmsis_gcc.h ****   #pragma GCC diagnostic pop
  76:Drivers/CMSIS/Include/cmsis_gcc.h ****   #define __UNALIGNED_UINT32(x)                  (((struct T_UINT32 *)(x))->v)
  77:Drivers/CMSIS/Include/cmsis_gcc.h **** #endif
  78:Drivers/CMSIS/Include/cmsis_gcc.h **** #ifndef   __UNALIGNED_UINT16_WRITE
  79:Drivers/CMSIS/Include/cmsis_gcc.h ****   #pragma GCC diagnostic push
  80:Drivers/CMSIS/Include/cmsis_gcc.h ****   #pragma GCC diagnostic ignored "-Wpacked"
  81:Drivers/CMSIS/Include/cmsis_gcc.h ****   #pragma GCC diagnostic ignored "-Wattributes"
  82:Drivers/CMSIS/Include/cmsis_gcc.h ****   __PACKED_STRUCT T_UINT16_WRITE { uint16_t v; };
  83:Drivers/CMSIS/Include/cmsis_gcc.h ****   #pragma GCC diagnostic pop
  84:Drivers/CMSIS/Include/cmsis_gcc.h ****   #define __UNALIGNED_UINT16_WRITE(addr, val)    (void)((((struct T_UINT16_WRITE *)(void *)(addr))-
  85:Drivers/CMSIS/Include/cmsis_gcc.h **** #endif
  86:Drivers/CMSIS/Include/cmsis_gcc.h **** #ifndef   __UNALIGNED_UINT16_READ
  87:Drivers/CMSIS/Include/cmsis_gcc.h ****   #pragma GCC diagnostic push
  88:Drivers/CMSIS/Include/cmsis_gcc.h ****   #pragma GCC diagnostic ignored "-Wpacked"
  89:Drivers/CMSIS/Include/cmsis_gcc.h ****   #pragma GCC diagnostic ignored "-Wattributes"
  90:Drivers/CMSIS/Include/cmsis_gcc.h ****   __PACKED_STRUCT T_UINT16_READ { uint16_t v; };
  91:Drivers/CMSIS/Include/cmsis_gcc.h ****   #pragma GCC diagnostic pop
  92:Drivers/CMSIS/Include/cmsis_gcc.h ****   #define __UNALIGNED_UINT16_READ(addr)          (((const struct T_UINT16_READ *)(const void *)(add
  93:Drivers/CMSIS/Include/cmsis_gcc.h **** #endif
  94:Drivers/CMSIS/Include/cmsis_gcc.h **** #ifndef   __UNALIGNED_UINT32_WRITE
  95:Drivers/CMSIS/Include/cmsis_gcc.h ****   #pragma GCC diagnostic push
  96:Drivers/CMSIS/Include/cmsis_gcc.h ****   #pragma GCC diagnostic ignored "-Wpacked"
  97:Drivers/CMSIS/Include/cmsis_gcc.h ****   #pragma GCC diagnostic ignored "-Wattributes"
  98:Drivers/CMSIS/Include/cmsis_gcc.h ****   __PACKED_STRUCT T_UINT32_WRITE { uint32_t v; };
  99:Drivers/CMSIS/Include/cmsis_gcc.h ****   #pragma GCC diagnostic pop
 100:Drivers/CMSIS/Include/cmsis_gcc.h ****   #define __UNALIGNED_UINT32_WRITE(addr, val)    (void)((((struct T_UINT32_WRITE *)(void *)(addr))-
 101:Drivers/CMSIS/Include/cmsis_gcc.h **** #endif
 102:Drivers/CMSIS/Include/cmsis_gcc.h **** #ifndef   __UNALIGNED_UINT32_READ
 103:Drivers/CMSIS/Include/cmsis_gcc.h ****   #pragma GCC diagnostic push
 104:Drivers/CMSIS/Include/cmsis_gcc.h ****   #pragma GCC diagnostic ignored "-Wpacked"
 105:Drivers/CMSIS/Include/cmsis_gcc.h ****   #pragma GCC diagnostic ignored "-Wattributes"
 106:Drivers/CMSIS/Include/cmsis_gcc.h ****   __PACKED_STRUCT T_UINT32_READ { uint32_t v; };
 107:Drivers/CMSIS/Include/cmsis_gcc.h ****   #pragma GCC diagnostic pop
 108:Drivers/CMSIS/Include/cmsis_gcc.h ****   #define __UNALIGNED_UINT32_READ(addr)          (((const struct T_UINT32_READ *)(const void *)(add
 109:Drivers/CMSIS/Include/cmsis_gcc.h **** #endif
 110:Drivers/CMSIS/Include/cmsis_gcc.h **** #ifndef   __ALIGNED
 111:Drivers/CMSIS/Include/cmsis_gcc.h ****   #define __ALIGNED(x)                           __attribute__((aligned(x)))
 112:Drivers/CMSIS/Include/cmsis_gcc.h **** #endif
 113:Drivers/CMSIS/Include/cmsis_gcc.h **** #ifndef   __RESTRICT
 114:Drivers/CMSIS/Include/cmsis_gcc.h ****   #define __RESTRICT                             __restrict
 115:Drivers/CMSIS/Include/cmsis_gcc.h **** #endif
 116:Drivers/CMSIS/Include/cmsis_gcc.h **** 
 117:Drivers/CMSIS/Include/cmsis_gcc.h **** 
 118:Drivers/CMSIS/Include/cmsis_gcc.h **** /* ###########################  Core Function Access  ########################### */
 119:Drivers/CMSIS/Include/cmsis_gcc.h **** /** \ingroup  CMSIS_Core_FunctionInterface
 120:Drivers/CMSIS/Include/cmsis_gcc.h ****     \defgroup CMSIS_Core_RegAccFunctions CMSIS Core Register Access Functions
ARM GAS  C:\Users\ELANUR~1\AppData\Local\Temp\ccDFoSbJ.s 			page 9


 121:Drivers/CMSIS/Include/cmsis_gcc.h ****   @{
 122:Drivers/CMSIS/Include/cmsis_gcc.h ****  */
 123:Drivers/CMSIS/Include/cmsis_gcc.h **** 
 124:Drivers/CMSIS/Include/cmsis_gcc.h **** /**
 125:Drivers/CMSIS/Include/cmsis_gcc.h ****   \brief   Enable IRQ Interrupts
 126:Drivers/CMSIS/Include/cmsis_gcc.h ****   \details Enables IRQ interrupts by clearing the I-bit in the CPSR.
 127:Drivers/CMSIS/Include/cmsis_gcc.h ****            Can only be executed in Privileged modes.
 128:Drivers/CMSIS/Include/cmsis_gcc.h ****  */
 129:Drivers/CMSIS/Include/cmsis_gcc.h **** __STATIC_FORCEINLINE void __enable_irq(void)
 130:Drivers/CMSIS/Include/cmsis_gcc.h **** {
 131:Drivers/CMSIS/Include/cmsis_gcc.h ****   __ASM volatile ("cpsie i" : : : "memory");
 132:Drivers/CMSIS/Include/cmsis_gcc.h **** }
 133:Drivers/CMSIS/Include/cmsis_gcc.h **** 
 134:Drivers/CMSIS/Include/cmsis_gcc.h **** 
 135:Drivers/CMSIS/Include/cmsis_gcc.h **** /**
 136:Drivers/CMSIS/Include/cmsis_gcc.h ****   \brief   Disable IRQ Interrupts
 137:Drivers/CMSIS/Include/cmsis_gcc.h ****   \details Disables IRQ interrupts by setting the I-bit in the CPSR.
 138:Drivers/CMSIS/Include/cmsis_gcc.h ****            Can only be executed in Privileged modes.
 139:Drivers/CMSIS/Include/cmsis_gcc.h ****  */
 140:Drivers/CMSIS/Include/cmsis_gcc.h **** __STATIC_FORCEINLINE void __disable_irq(void)
 154              		.loc 2 140 27 view .LVU34
 155              	.LBB8:
 141:Drivers/CMSIS/Include/cmsis_gcc.h **** {
 142:Drivers/CMSIS/Include/cmsis_gcc.h ****   __ASM volatile ("cpsid i" : : : "memory");
 156              		.loc 2 142 3 view .LVU35
 157              		.syntax unified
 158              	@ 142 "Drivers/CMSIS/Include/cmsis_gcc.h" 1
 159 0000 72B6     		cpsid i
 160              	@ 0 "" 2
 161              		.thumb
 162              		.syntax unified
 163              	.L6:
 164              	.LBE8:
 165              	.LBE7:
 187:Src/main.c    ****   while (1)
 166              		.loc 1 187 3 view .LVU36
 188:Src/main.c    ****   {
 189:Src/main.c    ****   }
 167              		.loc 1 189 3 view .LVU37
 187:Src/main.c    ****   while (1)
 168              		.loc 1 187 9 view .LVU38
 169 0002 FEE7     		b	.L6
 170              		.cfi_endproc
 171              	.LFE68:
 173              		.section	.text.SystemClock_Config,"ax",%progbits
 174              		.align	1
 175              		.global	SystemClock_Config
 176              		.syntax unified
 177              		.thumb
 178              		.thumb_func
 180              	SystemClock_Config:
 181              	.LFB66:
 111:Src/main.c    ****   RCC_OscInitTypeDef RCC_OscInitStruct = {0};
 182              		.loc 1 111 1 view -0
 183              		.cfi_startproc
 184              		@ args = 0, pretend = 0, frame = 64
 185              		@ frame_needed = 0, uses_anonymous_args = 0
ARM GAS  C:\Users\ELANUR~1\AppData\Local\Temp\ccDFoSbJ.s 			page 10


 186 0000 10B5     		push	{r4, lr}
 187              	.LCFI3:
 188              		.cfi_def_cfa_offset 8
 189              		.cfi_offset 4, -8
 190              		.cfi_offset 14, -4
 191 0002 90B0     		sub	sp, sp, #64
 192              	.LCFI4:
 193              		.cfi_def_cfa_offset 72
 112:Src/main.c    ****   RCC_ClkInitTypeDef RCC_ClkInitStruct = {0};
 194              		.loc 1 112 3 view .LVU40
 112:Src/main.c    ****   RCC_ClkInitTypeDef RCC_ClkInitStruct = {0};
 195              		.loc 1 112 22 is_stmt 0 view .LVU41
 196 0004 06AC     		add	r4, sp, #24
 197 0006 2822     		movs	r2, #40
 198 0008 0021     		movs	r1, #0
 199 000a 2046     		mov	r0, r4
 200 000c FFF7FEFF 		bl	memset
 201              	.LVL2:
 113:Src/main.c    **** 
 202              		.loc 1 113 3 is_stmt 1 view .LVU42
 113:Src/main.c    **** 
 203              		.loc 1 113 22 is_stmt 0 view .LVU43
 204 0010 0023     		movs	r3, #0
 205 0012 0193     		str	r3, [sp, #4]
 206 0014 0293     		str	r3, [sp, #8]
 207 0016 0393     		str	r3, [sp, #12]
 208 0018 0493     		str	r3, [sp, #16]
 209 001a 0593     		str	r3, [sp, #20]
 118:Src/main.c    ****   RCC_OscInitStruct.HSIState = RCC_HSI_ON;
 210              		.loc 1 118 3 is_stmt 1 view .LVU44
 118:Src/main.c    ****   RCC_OscInitStruct.HSIState = RCC_HSI_ON;
 211              		.loc 1 118 36 is_stmt 0 view .LVU45
 212 001c 0223     		movs	r3, #2
 213 001e 0693     		str	r3, [sp, #24]
 119:Src/main.c    ****   RCC_OscInitStruct.HSICalibrationValue = RCC_HSICALIBRATION_DEFAULT;
 214              		.loc 1 119 3 is_stmt 1 view .LVU46
 119:Src/main.c    ****   RCC_OscInitStruct.HSICalibrationValue = RCC_HSICALIBRATION_DEFAULT;
 215              		.loc 1 119 30 is_stmt 0 view .LVU47
 216 0020 0123     		movs	r3, #1
 217 0022 0A93     		str	r3, [sp, #40]
 120:Src/main.c    ****   RCC_OscInitStruct.PLL.PLLState = RCC_PLL_NONE;
 218              		.loc 1 120 3 is_stmt 1 view .LVU48
 120:Src/main.c    ****   RCC_OscInitStruct.PLL.PLLState = RCC_PLL_NONE;
 219              		.loc 1 120 41 is_stmt 0 view .LVU49
 220 0024 1023     		movs	r3, #16
 221 0026 0B93     		str	r3, [sp, #44]
 121:Src/main.c    ****   if (HAL_RCC_OscConfig(&RCC_OscInitStruct) != HAL_OK)
 222              		.loc 1 121 3 is_stmt 1 view .LVU50
 122:Src/main.c    ****   {
 223              		.loc 1 122 3 view .LVU51
 122:Src/main.c    ****   {
 224              		.loc 1 122 7 is_stmt 0 view .LVU52
 225 0028 2046     		mov	r0, r4
 226 002a FFF7FEFF 		bl	HAL_RCC_OscConfig
 227              	.LVL3:
 122:Src/main.c    ****   {
 228              		.loc 1 122 6 discriminator 1 view .LVU53
ARM GAS  C:\Users\ELANUR~1\AppData\Local\Temp\ccDFoSbJ.s 			page 11


 229 002e 60B9     		cbnz	r0, .L11
 129:Src/main.c    ****                               |RCC_CLOCKTYPE_PCLK1|RCC_CLOCKTYPE_PCLK2;
 230              		.loc 1 129 3 is_stmt 1 view .LVU54
 129:Src/main.c    ****                               |RCC_CLOCKTYPE_PCLK1|RCC_CLOCKTYPE_PCLK2;
 231              		.loc 1 129 31 is_stmt 0 view .LVU55
 232 0030 0F23     		movs	r3, #15
 233 0032 0193     		str	r3, [sp, #4]
 131:Src/main.c    ****   RCC_ClkInitStruct.AHBCLKDivider = RCC_SYSCLK_DIV1;
 234              		.loc 1 131 3 is_stmt 1 view .LVU56
 131:Src/main.c    ****   RCC_ClkInitStruct.AHBCLKDivider = RCC_SYSCLK_DIV1;
 235              		.loc 1 131 34 is_stmt 0 view .LVU57
 236 0034 0021     		movs	r1, #0
 237 0036 0291     		str	r1, [sp, #8]
 132:Src/main.c    ****   RCC_ClkInitStruct.APB1CLKDivider = RCC_HCLK_DIV1;
 238              		.loc 1 132 3 is_stmt 1 view .LVU58
 132:Src/main.c    ****   RCC_ClkInitStruct.APB1CLKDivider = RCC_HCLK_DIV1;
 239              		.loc 1 132 35 is_stmt 0 view .LVU59
 240 0038 0391     		str	r1, [sp, #12]
 133:Src/main.c    ****   RCC_ClkInitStruct.APB2CLKDivider = RCC_HCLK_DIV1;
 241              		.loc 1 133 3 is_stmt 1 view .LVU60
 133:Src/main.c    ****   RCC_ClkInitStruct.APB2CLKDivider = RCC_HCLK_DIV1;
 242              		.loc 1 133 36 is_stmt 0 view .LVU61
 243 003a 0491     		str	r1, [sp, #16]
 134:Src/main.c    **** 
 244              		.loc 1 134 3 is_stmt 1 view .LVU62
 134:Src/main.c    **** 
 245              		.loc 1 134 36 is_stmt 0 view .LVU63
 246 003c 0591     		str	r1, [sp, #20]
 136:Src/main.c    ****   {
 247              		.loc 1 136 3 is_stmt 1 view .LVU64
 136:Src/main.c    ****   {
 248              		.loc 1 136 7 is_stmt 0 view .LVU65
 249 003e 01A8     		add	r0, sp, #4
 250 0040 FFF7FEFF 		bl	HAL_RCC_ClockConfig
 251              	.LVL4:
 136:Src/main.c    ****   {
 252              		.loc 1 136 6 discriminator 1 view .LVU66
 253 0044 18B9     		cbnz	r0, .L12
 140:Src/main.c    **** 
 254              		.loc 1 140 1 view .LVU67
 255 0046 10B0     		add	sp, sp, #64
 256              	.LCFI5:
 257              		.cfi_remember_state
 258              		.cfi_def_cfa_offset 8
 259              		@ sp needed
 260 0048 10BD     		pop	{r4, pc}
 261              	.L11:
 262              	.LCFI6:
 263              		.cfi_restore_state
 124:Src/main.c    ****   }
 264              		.loc 1 124 5 is_stmt 1 view .LVU68
 265 004a FFF7FEFF 		bl	Error_Handler
 266              	.LVL5:
 267              	.L12:
 138:Src/main.c    ****   }
 268              		.loc 1 138 5 view .LVU69
 269 004e FFF7FEFF 		bl	Error_Handler
ARM GAS  C:\Users\ELANUR~1\AppData\Local\Temp\ccDFoSbJ.s 			page 12


 270              	.LVL6:
 271              		.cfi_endproc
 272              	.LFE66:
 274              		.section	.text.main,"ax",%progbits
 275              		.align	1
 276              		.global	main
 277              		.syntax unified
 278              		.thumb
 279              		.thumb_func
 281              	main:
 282              	.LFB65:
  65:Src/main.c    **** 
 283              		.loc 1 65 1 view -0
 284              		.cfi_startproc
 285              		@ Volatile: function does not return.
 286              		@ args = 0, pretend = 0, frame = 0
 287              		@ frame_needed = 0, uses_anonymous_args = 0
 288 0000 08B5     		push	{r3, lr}
 289              	.LCFI7:
 290              		.cfi_def_cfa_offset 8
 291              		.cfi_offset 3, -8
 292              		.cfi_offset 14, -4
  74:Src/main.c    **** 
 293              		.loc 1 74 3 view .LVU71
 294 0002 FFF7FEFF 		bl	HAL_Init
 295              	.LVL7:
  81:Src/main.c    **** 
 296              		.loc 1 81 3 view .LVU72
 297 0006 FFF7FEFF 		bl	SystemClock_Config
 298              	.LVL8:
  88:Src/main.c    ****   /* USER CODE BEGIN 2 */
 299              		.loc 1 88 3 view .LVU73
 300 000a FFF7FEFF 		bl	MX_GPIO_Init
 301              	.LVL9:
 302              	.L14:
  95:Src/main.c    ****   {
 303              		.loc 1 95 3 view .LVU74
  97:Src/main.c    ****     HAL_Delay(500);
 304              		.loc 1 97 5 view .LVU75
 305 000e 4FF40051 		mov	r1, #8192
 306 0012 0448     		ldr	r0, .L16
 307 0014 FFF7FEFF 		bl	HAL_GPIO_TogglePin
 308              	.LVL10:
  98:Src/main.c    ****     /* USER CODE END WHILE */
 309              		.loc 1 98 5 discriminator 1 view .LVU76
 310 0018 4FF4FA70 		mov	r0, #500
 311 001c FFF7FEFF 		bl	HAL_Delay
 312              	.LVL11:
  95:Src/main.c    ****   {
 313              		.loc 1 95 9 view .LVU77
 314 0020 F5E7     		b	.L14
 315              	.L17:
 316 0022 00BF     		.align	2
 317              	.L16:
 318 0024 00100140 		.word	1073811456
 319              		.cfi_endproc
 320              	.LFE65:
ARM GAS  C:\Users\ELANUR~1\AppData\Local\Temp\ccDFoSbJ.s 			page 13


 322              		.text
 323              	.Letext0:
 324              		.file 3 "C:\\ST\\STM32CubeCLT_1.21.0\\GNU-tools-for-STM32\\bin/../lib/gcc/arm-none-eabi/14.3.1/../
 325              		.file 4 "C:\\ST\\STM32CubeCLT_1.21.0\\GNU-tools-for-STM32\\bin/../lib/gcc/arm-none-eabi/14.3.1/../
 326              		.file 5 "Drivers/CMSIS/Device/ST/STM32F1xx/Include/stm32f103xb.h"
 327              		.file 6 "Drivers/STM32F1xx_HAL_Driver/Inc/stm32f1xx_hal_def.h"
 328              		.file 7 "Drivers/STM32F1xx_HAL_Driver/Inc/stm32f1xx_hal_rcc.h"
 329              		.file 8 "Drivers/STM32F1xx_HAL_Driver/Inc/stm32f1xx_hal_rcc_ex.h"
 330              		.file 9 "Drivers/STM32F1xx_HAL_Driver/Inc/stm32f1xx_hal_gpio.h"
 331              		.file 10 "Drivers/STM32F1xx_HAL_Driver/Inc/stm32f1xx_hal.h"
 332              		.file 11 "<built-in>"
ARM GAS  C:\Users\ELANUR~1\AppData\Local\Temp\ccDFoSbJ.s 			page 14


DEFINED SYMBOLS
                            *ABS*:00000000 main.c
C:\Users\ELANUR~1\AppData\Local\Temp\ccDFoSbJ.s:19     .text.MX_GPIO_Init:00000000 $t
C:\Users\ELANUR~1\AppData\Local\Temp\ccDFoSbJ.s:24     .text.MX_GPIO_Init:00000000 MX_GPIO_Init
C:\Users\ELANUR~1\AppData\Local\Temp\ccDFoSbJ.s:130    .text.MX_GPIO_Init:00000074 $d
C:\Users\ELANUR~1\AppData\Local\Temp\ccDFoSbJ.s:136    .text.Error_Handler:00000000 $t
C:\Users\ELANUR~1\AppData\Local\Temp\ccDFoSbJ.s:142    .text.Error_Handler:00000000 Error_Handler
C:\Users\ELANUR~1\AppData\Local\Temp\ccDFoSbJ.s:174    .text.SystemClock_Config:00000000 $t
C:\Users\ELANUR~1\AppData\Local\Temp\ccDFoSbJ.s:180    .text.SystemClock_Config:00000000 SystemClock_Config
C:\Users\ELANUR~1\AppData\Local\Temp\ccDFoSbJ.s:275    .text.main:00000000 $t
C:\Users\ELANUR~1\AppData\Local\Temp\ccDFoSbJ.s:281    .text.main:00000000 main
C:\Users\ELANUR~1\AppData\Local\Temp\ccDFoSbJ.s:318    .text.main:00000024 $d

UNDEFINED SYMBOLS
HAL_GPIO_WritePin
HAL_GPIO_Init
memset
HAL_RCC_OscConfig
HAL_RCC_ClockConfig
HAL_Init
HAL_GPIO_TogglePin
HAL_Delay
